<?xml version="1.0" encoding="UTF-8"?>
<testsuite xmlns:xsi="http://www.w3.org/2001/XMLSchema-instance" xsi:noNamespaceSchemaLocation="https://maven.apache.org/surefire/maven-surefire-plugin/xsd/surefire-test-report.xsd" name="com.training.cakeapp.test.OrderItemDaoTest" time="0" tests="5" errors="0" skipped="5" failures="0">
  <properties>
[...]
</properties>
  <testcase name="testFindOneAndDelete" classname="com.training.cakeapp.test.OrderItemDaoTest" time="0">
    <skipped message="public void com.training.cakeapp.test.OrderItemDaoTest.testFindOneAndDelete() is @Disabled"/>
  </testcase>
  <testcase name="testFindOneNotNull" classname="com.training.cakeapp.test.OrderItemDaoTest" time="0">
    <skipped message="public void com.training.cakeapp.test.OrderItemDaoTest.testFindOneNotNull() is @Disabled"/>
  </testcase>
  <testcase name="testFindOneAndUpdate" classname="com.training.cakeapp.test.OrderItemDaoTest" time="0">
    <skipped message="public void com.training.cakeapp.test.OrderItemDaoTest.testFindOneAndUpdate() is @Disabled"/>
  </testcase>
  <testcase name="testFindAllNotNull" classname="com.training.cakeapp.test.OrderItemDaoTest" time="0">
    <skipped message="public void com.training.cakeapp.test.OrderItemDaoTest.testFindAllNotNull() is @Disabled"/>
  </testcase>
  <testcase name="testCreate" classname="com.training.cakeapp.test.OrderItemDaoTest" time="0">
    <skipped message="public void com.training.cakeapp.test.OrderItemDaoTest.testCreate() is @Disabled"/>
  </testcase>
</testsuite>